1.9090909090909091717  0.90909090909090906063
1.8264462809917354491  0.82644628099173544911
1.7513148009015777617  0.75131480090157765073
1.6830134553650704099  0.68301345536507052092
1.6209213230591550392  0.62092132305915492818
1.5644739300537771065  0.56447393005377710651
1.5131581182307063393  0.51315811823070645037
1.4665073802097330358  0.46650738020973309128
1.4240976183724844972  0.42409761837248460825
1.3855432894295314217  0.38554328942953142167
1.3504938994813922015  0.35049389948139214601
1.3186308177103565065  0.31863081771035645096
1.2896643797366875717  0.28966437973668768269
1.2633312543060797317  0.26333125430607967621
1.2393920493691632512  0.23939204936916333444
1.2176291357901485313  0.21762913579014847576
1.1978446689001349679  0.19784466890013496787
1.1798587899092136677  0.17985878990921358445
1.1635079908265577586  0.16350799082655778638
1.1486436280241434371  0.14864362802414343712
1.1351305709310395287  0.13513057093103947315
1.122845973573672218  0.12284597357367223192
1.1116781577942473902  0.11167815779424747347
1.1015255979947704557  0.1015255979947704279
1.0922959981770641313  0.092295998177064020318
1.0839054528882399175  0.083905452888240014686
1.076277684443854632  0.076277684443854548713
1.0693433494944131201  0.069343349494413217271
1.0630394086312846547  0.063039408631284737927
1.0573085533011679082  0.057308553301167936
1.0520986848192435126  0.052098684819243575028
1.0473624407447668094  0.047362440744766885758
1.0430567643134245337  0.043056764313424436552
1.039142513012204061  0.039142513012204033229
1.0355841027383672071  0.035584102738367297258
1.0323491843076066932  0.032349184307606630717
1.0294083493705514787  0.029408349370551478685
1.0267348630641377483  0.026734863064137706634
1.0243044209673979328  0.024304420967397911968
1.022094928152179838  0.022094928152179917763
1.0200862983201635092  0.020086298320163561287
1.0182602712001487255  0.018260271200148690818
1.0166002465455896697  0.016600246545589718294
1.0150911332232632756  0.015091133223263379637
1.0137192120211484525  0.013719212021148525366
1.0124720109283167346  0.012472010928316840453
1.0113381917530153142  0.01133819175301530903
1.0103074470481956393  0.010307447048195734693
1.0093704064074506821  0.0093704064074506664833
1.0085185512795005192  0.0085185512795006058939
1.0077441375268187951  0.0077441375268187317635
1.0070401250243805613  0.0070401250243806645299
1.0064001136585278839  0.0064001136585278761357
1.0058182851441161976  0.0058182851441162504805
1.0052893501310147251  0.0052893501310147727698
1.0048085001191042753  0.0048085001191043386451
1.0043713637446403109  0.0043713637446403073861
1.0039739670405820604  0.0039739670405820977026
1.0036126973096199944  0.0036126973096200884657
1.0032842702814728231  0.0032842702814728074595
1.0029857002558844048  0.0029857002558843701023
1.0027142729598947923  0.0027142729598948816747
1.00246752087263169  0.0024675208726317103373
1.0022432007933015363  0.0022432007933015545367
1.0020392734484560027  0.0020392734484559584332
1.0018538849531417601  0.0018538849531417802164
1.0016853499574016606  0.0016853499574016183194
1.0015321363249105602  0.0015321363249105619114
1.0013928512044640851  0.0013928512044641470739
1.0012662283676947439  0.0012662283676946790596
1.001151116697904353  0.0011511166979042536905
1.0010464697253675936  0.001046469725367503217
1.000951336113970358  0.00095133611397045742073
1.0008648510127005071  0.00086485101270041572861
1.0007862281933639359  0.00078622819336401428888
1.0007147529030582245  0.00071475290305819476865
1.0006497753664165273  0.0006497753664165406692
1.0005907048785604996  0.00059070487856049144846
1.0005370044350549996  0.00053700443505499213716
1.0004881858500500602  0.00048818585004999282733
1.0004438053182271862  0.00044380531822726617709
1.0004034593802066944  0.00040345938020660556626
1.0003667812547332172  0.00036678125473327776286
1.0003334375043029247  0.00033343750430297975978
1.0003031250039118305  0.00030312500391179976683
1.0002755681853743308  0.0002755681853743633899
1.0002505165321584624  0.00025051653215851213321
1.0002277423019623193  0.00022774230196228375253
1.0002070384563293004  0.00020703845632934883884
1.0001882167784812427  0.00018821677848122620727
1.0001711061622555743  0.00017110616225566018596
1.0001555510565960372  0.0001555510565960546948
1.0001414100514509631  0.00014141005145095879867
1.0001285545922280473  0.00012855459222814436242
1.0001168678111165278  0.00011686781111649487
1.0001062434646512678  0.00010624346465135896657
1.00009658496786491  9.6584967864871780398e-05
1.000087804516240686  8.7804516240792520243e-05
1.0000798222874915933  7.9822287491629551536e-05
1.0000725657159015292  7.2565715901481400631e-05
1.0000659688326376529  6.5968832637710355586e-05
1.0000599716660343308  5.9971666034282134666e-05
1.0000545196963948058  5.4519696394801936293e-05
1.0000495633603589951  4.9563360358910849327e-05
1.0000450576003263592  4.5057600326282587217e-05
1.0000409614548420034  4.0961454842075078673e-05
1.000037237686220104  3.7237686220068252723e-05
1.0000338524420182562  3.3852442018243866111e-05
1.0000307749472892027  3.077494728931260494e-05
1.0000279772248084065  2.7977224808466001719e-05
1.0000254338407350563  2.5433840734969088775e-05
1.0000231216733954653  2.3121673395426444033e-05
1.0000210197030867665  2.1019703086751311525e-05
1.0000191088209879897  1.9108820987955736826e-05
1.0000173716554436876  1.7371655443596123464e-05
1.0000157924140395949  1.5792414039632837356e-05
1.0000143567400361366  1.4356740036029851218e-05
1.0000130515818508314  1.3051581850936227764e-05
1.0000118650744098669  1.1865074409942025086e-05
1.0000107864312817174  1.0786431281765476427e-05
1.0000098058466198037  9.8058466197867953656e-06
1.0000089144060180235  8.9144060179879951709e-06
1.0000081040054709103  8.1040054708981763501e-06
1.0000073672777007872  7.3672777008165234156e-06
1.000006697525182453  6.6975251825604756783e-06
1.0000060886592567755  6.0886592568731590916e-06
1.0000055351447789675  5.5351447789755983271e-06
1.0000050319497990614  5.0319497990687256749e-06
1.0000045744998173891  4.574499817335204466e-06
1.0000041586361976265  4.1586361975774581434e-06
1.0000037805783614786  3.7805783614340527422e-06
1.0000034368894195058  3.4368894194855022619e-06
1.0000031244449267831  3.1244449268050017097e-06
1.0000028404044789543  2.8404044789136375714e-06
1.0000025821858899988  2.5821858899214883933e-06
1.0000023474417181202  2.3474417181104438784e-06
1.0000021340379254831  2.1340379255549489418e-06
1.0000019400344777321  1.9400344777772260798e-06
1.0000017636677069888  1.7636677070702054886e-06
1.0000016033342791211  1.6033342791547320698e-06
1.000001457576617403  1.4575766174133927522e-06
1.0000013250696522249  1.3250696521939932571e-06
1.0000012046087747297  1.2046087747218119749e-06
1.000001095098886017  1.095098886110738005e-06
1.0000009955444419951  9.9554444191885265483e-07
1.000000905040401733  9.0504040174441144664e-07
1.0000008227640015956  8.2276400158582847235e-07
1.0000007479672741173  7.4796727416893495561e-07
1.0000006799702492177  6.7997024924448623665e-07
1.0000006181547720363  6.181547720404420237e-07
1.0000005619588836492  5.6195888367312904507e-07
1.0000005108717124891  5.1087171243011722708e-07
1.0000004644288293942  4.6442882948192471339e-07
1.0000004222080267624  4.22208026801749725e-07
1.0000003838254789557  3.8382547891068151525e-07
1.0000003489322535355  3.489322535551649898e-07
1.0000003172111395777  3.1721113959560452655e-07
1.000000288373763313  2.8837376326873133965e-07
1.0000002621579666684  2.6215796660793756225e-07
1.0000002383254242844  2.3832542418903413065e-07
1.0000002166594765818  2.1665947653548556129e-07
1.0000001969631604481  1.9696316048680504128e-07
1.00000017905741867  1.790574186243682025e-07
1.0000001627794714576  1.6277947147669835628e-07
1.0000001479813376282  1.4798133770608940277e-07
1.0000001345284887933  1.3452848882371761963e-07
1.0000001222986261151  1.2229862620337964699e-07
1.0000001111805691956  1.1118056927579966465e-07
1.0000001010732448847  1.0107324479618150249e-07
1.0000000918847680165  9.1884767996528631405e-08
1.0000000835316071868  8.3531607269571478283e-08
1.0000000759378246951  7.5937824790519516086e-08
1.0000000690343862075  6.9034386173199555266e-08
1.000000062758532815  6.2758532884726862408e-08
1.0000000570532117106  5.7053211713388054929e-08
1.0000000518665561611  5.1866556103080046326e-08
1.0000000471514145506  4.7151414639163673064e-08
1.0000000428649225004  4.2864922399239697371e-08
1.0000000389681111823  3.8968111272036086715e-08
1.0000000354255556001  3.5425555701850986719e-08
1.0000000322050506263  3.220505063804634675e-08
1.0000000292773187915  2.9277318761860313724e-08
1.0000000266157442752  2.661574432896391886e-08
1.0000000241961310987  2.419613120814901534e-08
1.0000000219964828574  2.1996482916499103953e-08
1.0000000199968026582  1.9996802651362820873e-08
1.0000000181789114873  1.8178911501238928066e-08
1.0000000165262832308  1.6526283182944478255e-08
1.0000000150238939067  1.5023893802676798113e-08
1.0000000136580853294  1.3658085275160723753e-08
1.0000000124164412085  1.2416441159237020992e-08
1.0000000112876736846  1.1287673781124564087e-08
1.0000000102615216324  1.0261521619204148568e-08
1.0000000093286560698  9.3286560174583167297e-09
1.0000000084805964473  8.4805963795075602122e-09
1.0000000077096331541  7.7096330722795991401e-09
1.0000000070087573523  7.0087573384359989927e-09
1.0000000063715974719  6.3715975803963619687e-09
1.0000000057923614794  5.7923614367239646741e-09
1.0000000052657831429  5.2657831242945131145e-09
1.0000000047870756248  4.7870755675404660165e-09
1.0000000043518868509  4.3518868795822412316e-09
1.0000000039562608745  3.9562607996202186247e-09
1.000000003596600795  3.5966007269274710258e-09
1.0000000032696370056  3.2696370244795187008e-09
1.0000000029723972172  2.9723972949813804115e-09
1.0000000027021793692  2.7021793590739819667e-09
1.0000000024565267598  2.4565266900672563333e-09
1.0000000022332060645  2.2332060818793236386e-09
1.0000000020301873516  2.0301873471630215272e-09
1.0000000018456247641  1.8456248610572921471e-09
1.0000000016778407552  1.6778407827793564597e-09
1.0000000015253098784  1.5253098025266876155e-09
1.0000000013866452431  1.3866452750242613182e-09
1.0000000012605865241  1.2605866136584193426e-09
1.0000000011459877491  1.1459878305985629259e-09
1.000000001041807085  1.0418071187259662211e-09
1.0000000009470972895  9.4709738065996923551e-10
1.0000000008609977176  8.609976187817901953e-10
1.000000000782725218  7.827251079834455193e-10
1.0000000007115683598  7.1156827998495042509e-10
1.0000000006468803271  6.4688025453177301032e-10
1.0000000005880729237  5.880729586652480972e-10
1.0000000005346116883  5.3461178060477092226e-10
1.0000000004860107872  4.8601070964070078202e-10
1.0000000004418279076  4.4182791785518250561e-10
1.0000000004016618149  4.0166174350471134993e-10
1.0000000003651470237  3.6514703954973754385e-10
1.0000000003319517994  3.3195185413612500227e-10
1.0000000003017743833  3.0177441285102271993e-10
1.0000000002743403282  2.7434037531911151658e-10
1.0000000002494002782  2.494003411991922737e-10
1.0000000002267275256  2.267275829083565913e-10
1.0000000002061160131  2.0611598446214233458e-10
1.000000000187378113  1.8737816769285665135e-10
1.0000000001703437391  1.7034378881168784841e-10
1.0000000001548579043  1.5485798982880712552e-10
1.0000000001407800543  1.4077999075346102085e-10
1.0000000001279818473  1.2798180977587363417e-10
1.0000000001163471541  1.1634709979624875246e-10
1.0000000001057700594  1.0577009072386249754e-10
1.0000000000961546398  9.6154627930784080446e-11
1.0000000000874131878  8.7413298118894613888e-11
1.0000000000794666555  7.946663465354055808e-11
1.0000000000722424343  7.2242395139582314952e-11
1.0000000000656747989  6.5674904672347554348e-11
1.0000000000597044636  5.970445879304323005e-11
1.0000000000542768053  5.4276780720948386255e-11
1.0000000000493425301  4.934252792813489072e-11
1.000000000044856785  4.4856843571031715899e-11
1.0000000000407789358  4.0778948700937917082e-11
1.0000000000370716791  3.707177154630719206e-11
1.0000000000337017081  3.3701610496642900111e-11
1.0000000000306379366  3.0637827724220817695e-11
1.0000000000278526091  2.7852570658382559778e-11
1.0000000000253204124  2.5320518780347780148e-11
1.0000000000230186981  2.3018653436679798959e-11
1.0000000000209261497  2.0926048578799815767e-11
1.0000000000190236715  1.9023680526181650404e-11
1.0000000000172941661  1.7294255023801498311e-11
1.0000000000157220903  1.5722050021637725737e-11
1.0000000000142927892  1.4292772746943386152e-11
1.0000000000129933841  1.2993429769948532572e-11
1.0000000000118121068  1.1812208881771392954e-11
1.0000000000107382991  1.0738371710701264853e-11
1.0000000000097621911  9.7621561006375133557e-12
1.0000000000088746788  8.8746873642159200575e-12
1.0000000000080679907  8.0678976038326547446e-12
1.0000000000073343553  7.3344523671205952223e-12
1.0000000000066677774  6.6676839701096318734e-12
1.0000000000060615957  6.0615308819178467905e-12
1.000000000005510481  5.5104826199253144563e-12
1.0000000000050095483  5.0095296544775583029e-12
1.0000000000045541348  4.5541178677068708907e-12
1.0000000000041400217  4.1401071524607914251e-12
1.0000000000037636561  3.7637337749643556207e-12
1.0000000000034214853  3.421576159058504816e-12
1.0000000000031106229  3.1105237809622767749e-12
1.000000000002827738  2.8277488917838877202e-12
1.0000000000025706104  2.570680810712624833e-12
1.0000000000023370195  2.336982555193295009e-12
1.0000000000021245228  2.1245295956302679697e-12
1.000000000001931344  1.9313905414820618273e-12
1.0000000000017557067  1.7558095831655105135e-12
1.0000000000015962787  1.5961905301504639012e-12
1.0000000000014510615  1.451082300136785328e-12
1.000000000001319167  1.3191657273970774057e-12
1.0000000000011992629  1.199241570360979423e-12
1.000000000001090239  1.0902196094190720559e-12
1.0000000000009912071  9.9110873583552003241e-13
1.000000000000901057  9.0100794166865448313e-13
1.0000000000008191225  8.1909812878968581114e-13
1.0000000000007447376  7.4463466253607797341e-13
1.000000000000677014  6.7694060230552542119e-13
1.0000000000006155076  6.1540054755047758219e-13
1.0000000000005595524  5.5945504322770681947e-13
1.0000000000005087042  5.085954938433698267e-13
1.0000000000004622969  4.6235953985760893336e-13
1.0000000000004203304  4.203268544160080937e-13
1.0000000000003821388  3.8211532219637094379e-13
1.0000000000003472778  3.4737756563306444386e-13
1.0000000000003157474  3.1579778693914944393e-13
1.0000000000002871037  2.8708889721740855786e-13
1.0000000000002609024  2.6098990656128050255e-13
1.0000000000002373657  2.3726355141934587469e-13
1.0000000000002156053  2.1569413765395076534e-13
1.0000000000001960654  1.9608557968540978209e-13
1.0000000000001783018  1.7825961789582706315e-13
1.0000000000001620926  1.6205419808711550277e-13
1.0000000000001472156  1.4732199826101408425e-13
1.0000000000001338929  1.3392908932819460828e-13
1.0000000000001216804  1.2175371757108598687e-13
1.0000000000001105782  1.1068519779189634711e-13
1.0000000000001005862  1.0062290708354212915e-13
1.0000000000000914824  9.1475370075947380955e-14
1.0000000000000832667  8.3159427341770344028e-14
1.0000000000000754952  7.5599479401609402514e-14
1.0000000000000688338  6.8726799456008546593e-14
1.0000000000000623945  6.2478908596371407141e-14
1.0000000000000568434  5.6799007814883095106e-14
1.0000000000000517364  5.1635461649893721102e-14
1.0000000000000468514  4.69413287726306544e-14
1.0000000000000426326  4.2673935247846043144e-14
1.0000000000000388578  3.8794486588950947165e-14
1.0000000000000353051  3.5267715080864495702e-14
1.0000000000000319744  3.2061559164422267099e-14
1.0000000000000290878  2.9146871967656604158e-14
1.0000000000000264233  2.6497156334233273639e-14
1.0000000000000239808  2.4088323940212064937e-14
1.0000000000000219824  2.1898476309283693676e-14
1.000000000000019984  1.9907705735712446501e-14
1.0000000000000182077  1.8097914305193131175e-14
1.0000000000000164313  1.6452649368357389395e-14
1.000000000000014877  1.4956953971233987778e-14
1.0000000000000135447  1.3597230882939988459e-14
1.0000000000000124345  1.2361118984490897738e-14
1.0000000000000113243  1.1237380894991725073e-14
1.0000000000000102141  1.0215800813628840545e-14
1.0000000000000093259  9.2870916487534914048e-15
1.0000000000000084377  8.4428105897759007034e-15
1.0000000000000077716  7.6752823543417270516e-15
1.0000000000000068834  6.9775294130379330378e-15
1.0000000000000064393  6.3432085573072117091e-15
1.0000000000000057732  5.7665532339156467931e-15
1.0000000000000053291  5.2423211217414965827e-15
1.0000000000000046629  4.7657464743104507934e-15
1.0000000000000044409  4.332496794827681894e-15
1.0000000000000039968  3.9386334498433472481e-15
1.0000000000000035527  3.580575863493951972e-15
1.0000000000000033307  3.2550689668126832882e-15
1.0000000000000028866  2.9591536061933482645e-15
1.0000000000000026645  2.6901396419939528602e-15
1.0000000000000024425  2.4455814927217751481e-15
1.0000000000000022204  2.2232559024743408286e-15
1.0000000000000019984  2.0211417295221278109e-15
1.0000000000000017764  1.8374015722928435003e-15
1.0000000000000017764  1.6703650657207666929e-15
1.0000000000000015543  1.5185136961097876875e-15
1.0000000000000013323  1.3804669964634431551e-15
1.0000000000000013323  1.2549699967849482332e-15
1.0000000000000011102  1.1408818152590437587e-15
1.0000000000000011102  1.037165286599130618e-15
1.0000000000000008882  9.4287753327193678203e-16
1.0000000000000008882  8.5716139388357885689e-16
1.0000000000000008882  7.7923763080325342559e-16
1.0000000000000006661  7.0839784618477582351e-16
1.0000000000000006661  6.4399804198615974095e-16
1.0000000000000006661  5.8545276544196333811e-16
1.0000000000000004441  5.3222978676542121647e-16
1.0000000000000004441  4.8384526069583746952e-16
1.0000000000000004441  4.3985932790530675909e-16
1.0000000000000004441  3.9987211627755154987e-16
1.0000000000000004441  3.6352010570686499603e-16
1.000000000000000222  3.304728233698772243e-16
1.000000000000000222  3.0042983942716107266e-16
1.000000000000000222  2.7311803584287366656e-16
1.000000000000000222  2.4828912349352149713e-16
1.000000000000000222  2.2571738499411043849e-16
1.000000000000000222  2.0519762272191857372e-16
1.000000000000000222  1.8654329338356231958e-16
1.000000000000000222  1.6958481216687482029e-16
1.000000000000000222  1.5416801106079527324e-16
1.000000000000000222  1.4015273732799570295e-16
1.000000000000000222  1.2741157938908698027e-16
1.000000000000000222  1.1582870853553360498e-16
1  1.0529882594139418186e-16
1  9.5726205401267433577e-17
1  8.7023823092061294287e-17
1  7.9112566447328439267e-17
1  7.1920514952116758488e-17
1  6.5382286320106139598e-17
1  5.9438442109187394032e-17
1  5.4034947371988536107e-17
1  4.9122679429080484568e-17
1  4.465698129916407576e-17
1  4.0597255726512794465e-17
1  3.6906596115011626849e-17
1  3.3551451013646932939e-17
1  3.050131910331539134e-17
1  2.7728471912104898977e-17
1  2.5207701738277177807e-17
1  2.2916092489342885834e-17
1  2.0832811353948075229e-17
1  1.893891941268006727e-17
1  1.7217199466072787867e-17
1  1.5651999514611622812e-17
1  1.422909046782874549e-17
1  1.2935536788935222612e-17
1  1.1759578899032019156e-17
1  1.0690526271847288741e-17
1  9.7186602471338975949e-18
1  8.8351456792126333368e-18
1  8.031950617466029886e-18
1  7.3017732886054817145e-18
1  6.6379757169140738657e-18
1  6.0345233790127941433e-18
1  5.4859303445570848144e-18
1  4.9872094041428042367e-18
1  4.5338267310389124522e-18
1  4.1216606645808289417e-18
1  3.7469642405280256804e-18
1  3.4063311277527503034e-18
1  3.0966646615934092616e-18
1  2.8151496923576445032e-18
1  2.5592269930524039187e-18
1  2.3265699936840032823e-18
1  2.1150636306218209556e-18
1  1.9227851187471098546e-18
1  1.747986471588281546e-18
1  1.5890786105348013704e-18
1  1.4446169186680011583e-18
1  1.3132881078800010005e-18
1  1.1938982798909099304e-18
1  1.0853620726280997966e-18
1  9.8669279329827243735e-19
1  8.9699344845297482048e-19
1  8.1544858950270434724e-19
1  7.4131689954791299042e-19
1  6.7392445413446631991e-19
1  6.126585946676966282e-19
1  5.5696235878881506402e-19
1  5.0632941708074090601e-19
1  4.6029947007340082365e-19
1  4.1845406370309161847e-19
1  3.8041278518462873531e-19
1  3.4582980471329884153e-19
1  3.1439073155754438388e-19
1  2.8580975596140395908e-19
1  2.5982705087400355539e-19
1  2.3620640988545777325e-19
1  2.1473309989587067451e-19
1  1.9521190899624604585e-19
1  1.7746537181476912602e-19
1  1.6133215619524464032e-19
1  1.4666559654113148683e-19
1  1.3333236049193769341e-19
1  1.2121123681085242886e-19
1  1.1019203346441129677e-19
1  1.0017457587673752939e-19
1  9.1067796251579562325e-20
1  8.2788905683254143191e-20
1  7.5262641530231031604e-20
1  6.8420583209300931256e-20
1  6.2200530190273562927e-20
1  5.6545936536612331028e-20
1  5.1405396851465753291e-20
1  4.6732178955877951519e-20
1  4.2483799050798131726e-20
1  3.8621635500725572108e-20
1  3.5110577727932332808e-20
1  3.1918707025393027637e-20
1  2.9017006386720932027e-20
1  2.6379096715200844288e-20
1  2.3980997013818947438e-20
1  2.1800906376199040663e-20
1  1.9819005796544581327e-20
1  1.8017277996858707835e-20
1  1.6379343633507915393e-20
1  1.4890312394098104629e-20
1  1.3536647630998276115e-20
1  1.2306043300907522099e-20
1  1.1187312091734110042e-20
1  1.0170283719758280352e-20
1  9.2457124725075275924e-21
1  8.4051931568250249472e-21
1  7.6410846880227491313e-21
1  6.9464406254752259358e-21
1  6.3149460231592960317e-21
1  5.7408600210539049363e-21
1  5.2189636555035493265e-21
1  4.7445124140941350675e-21
1  4.3131931037219406969e-21
1  3.921084639747218405e-21
1  3.5646223997701984132e-21
1  3.240565817972907238e-21
1  2.9459689254299156025e-21
1  2.6781535685726505135e-21
1  2.4346850623387728522e-21
1  2.2133500566716114102e-21
1  2.0121364151560103045e-21
1  1.8292149228691001743e-21
1  1.6629226571537273115e-21
1  1.5117478701397519474e-21
1  1.3743162455815925427e-21
1  1.2493784050741748849e-21
1  1.1357985500674315768e-21
1  1.0325441364249377458e-21
1  9.3867648765903431436e-22
1  8.5334226150821297886e-22
1  7.7576569228019358295e-22
1  7.0524153843653960376e-22
1  6.4112867130594500029e-22
1  5.8284424664176812224e-22
1  5.2985840603797101167e-22
1  4.8168946003451907587e-22
1  4.3789950912229007752e-22
1  3.980904628384454951e-22
1  3.6190042076222314317e-22
1  3.2900038251111193123e-22
1  2.990912568282835482e-22
1  2.7190114257116682781e-22
1  2.471828568828788959e-22
1  2.2471168807534442517e-22
1  2.042833527957676507e-22
1  1.857121389052433124e-22
1  1.688292171865848145e-22
1  1.5348110653325891586e-22
1  1.3952827866659900159e-22
1  1.2684388969690817044e-22
1  1.1531262699718924158e-22
1  1.0482966090653566562e-22
1  9.5299691733214233989e-23
1  8.6636083393831117534e-23
1  7.8760075812573740007e-23
1  7.1600068920521572206e-23
1  6.50909717459286988e-23
1  5.917361067811699036e-23
1  5.379419152556089819e-23
1  4.8903810477782630444e-23
1  4.4458009525256930355e-23
1  4.0416372295688117436e-23
1  3.6742156632443741521e-23
1  3.3401960574948852188e-23
1  3.0365418704498951191e-23
1  2.7604926094999044934e-23
1  2.5095387359090037376e-23
1  2.2813988508263667938e-23
1  2.0739989552966970051e-23
1  1.8854535957242699512e-23
1  1.7140487233856999289e-23
1  1.5582261121688178768e-23
1  1.4165691928807434709e-23
1  1.2877901753461303212e-23
1  1.170718341223754744e-23
1  1.0642894011125041791e-23
1  9.6753581919318557732e-24
1  8.7957801744835044469e-24
1  7.9961637949850028404e-24
1  7.2692398136227295877e-24
1  6.6083998305661170056e-24
1  6.007636209605560313e-24
1  5.4614874632777815685e-24
1  4.9649886029798008248e-24
1  4.5136260027089097071e-24
1  4.1032963660990084907e-24
1  3.7302694237263712884e-24
1  3.3911540215694282436e-24
1  3.0828672923358436909e-24
1  2.802606629396221437e-24
1  2.5478242085420191542e-24
1  2.3162038259472900734e-24
1  2.1056398417702635361e-24
1  1.9142180379729667842e-24
1  1.7401982163390606127e-24
1  1.5819983784900549522e-24
1  1.4381803440818680382e-24
1  1.3074366764380617026e-24
1  1.1885787967618742083e-24
1  1.0805261788744310985e-24
1  9.8229652624948275001e-25
1  8.9299684204498433489e-25
1  8.1181531094998568385e-25
1  7.3801391904544146399e-25
1  6.7092174458676488377e-25
1  6.0992885871524072829e-25
1  5.5448078065021881886e-25
1  5.0407343695474430564e-25
1  4.5824857904976749214e-25
1  4.1658961731797038061e-25
1  3.7871783392542759787e-25
1  3.4428893993220685706e-25
1  3.129899453929153079e-25
1  2.8453631399355934577e-25
1  2.5866937635778120256e-25
1  2.3515397850707379546e-25
1  2.1377634409733980571e-25
1  1.9434213099758161651e-25
1  1.7667466454325599413e-25
1  1.6061333140295999258e-25
1  1.4601211945723634228e-25
